================================================================================
load tweets
================================================================================
2024-05-02 21:05:23.347398 data/geoTwitter21-01-01.zip
2024-05-02 21:05:23.349648 data/geoTwitter21-01-01.zip - i= 0 id= 1344795471093633031
2024-05-02 21:05:24.778410 data/geoTwitter21-01-01.zip - i= 1000 id= 1344795553989865473
2024-05-02 21:05:26.215199 data/geoTwitter21-01-01.zip - i= 2000 id= 1344795640279265286
2024-05-02 21:05:27.613094 data/geoTwitter21-01-01.zip - i= 3000 id= 1344795728426754049
2024-05-02 21:05:28.975363 data/geoTwitter21-01-01.zip - i= 4000 id= 1344795817517981699
2024-05-02 21:05:30.416014 data/geoTwitter21-01-01.zip - i= 5000 id= 1344795904700796930
2024-05-02 21:05:31.899838 data/geoTwitter21-01-01.zip - i= 6000 id= 1344795992403681281
2024-05-02 21:05:33.292763 data/geoTwitter21-01-01.zip - i= 7000 id= 1344796079125094401
2024-05-02 21:05:34.676752 data/geoTwitter21-01-01.zip - i= 8000 id= 1344796167029346307
2024-05-02 21:05:36.077698 data/geoTwitter21-01-01.zip - i= 9000 id= 1344796254472187911
2024-05-02 21:05:23.355837 data/geoTwitter21-01-04.zip
2024-05-02 21:05:23.359021 data/geoTwitter21-01-04.zip - i= 0 id= 1345882634702864384
2024-05-02 21:05:24.791203 data/geoTwitter21-01-04.zip - i= 1000 id= 1345882733856260096
2024-05-02 21:05:26.228282 data/geoTwitter21-01-04.zip - i= 2000 id= 1345882835887005697
2024-05-02 21:05:27.619063 data/geoTwitter21-01-04.zip - i= 3000 id= 1345882930544050185
2024-05-02 21:05:28.964392 data/geoTwitter21-01-04.zip - i= 4000 id= 1345883033593896961
2024-05-02 21:05:30.411726 data/geoTwitter21-01-04.zip - i= 5000 id= 1345883134777307136
2024-05-02 21:05:31.901306 data/geoTwitter21-01-04.zip - i= 6000 id= 1345883235813789696
2024-05-02 21:05:33.273710 data/geoTwitter21-01-04.zip - i= 7000 id= 1345883341543804928
2024-05-02 21:05:34.644516 data/geoTwitter21-01-04.zip - i= 8000 id= 1345883444585385990
2024-05-02 21:05:36.041861 data/geoTwitter21-01-04.zip - i= 9000 id= 1345883542828556288
2024-05-02 21:05:23.375950 data/geoTwitter21-01-08.zip
2024-05-02 21:05:23.380338 data/geoTwitter21-01-08.zip - i= 0 id= 1347332185930543104
2024-05-02 21:05:24.799499 data/geoTwitter21-01-08.zip - i= 1000 id= 1347332282340798464
2024-05-02 21:05:26.177822 data/geoTwitter21-01-08.zip - i= 2000 id= 1347332389136191489
2024-05-02 21:05:27.596458 data/geoTwitter21-01-08.zip - i= 3000 id= 1347332491074437120
2024-05-02 21:05:28.936764 data/geoTwitter21-01-08.zip - i= 4000 id= 1347332600864657408
2024-05-02 21:05:30.370898 data/geoTwitter21-01-08.zip - i= 5000 id= 1347332706267496450
2024-05-02 21:05:31.876671 data/geoTwitter21-01-08.zip - i= 6000 id= 1347332810445623298
2024-05-02 21:05:33.265528 data/geoTwitter21-01-08.zip - i= 7000 id= 1347332913856196609
2024-05-02 21:05:34.668425 data/geoTwitter21-01-08.zip - i= 8000 id= 1347333021385551872
2024-05-02 21:05:36.079875 data/geoTwitter21-01-08.zip - i= 9000 id= 1347333130055806976
2024-05-02 21:05:23.358268 data/geoTwitter21-01-03.zip
2024-05-02 21:05:23.360585 data/geoTwitter21-01-03.zip - i= 0 id= 1345520246879346689
2024-05-02 21:05:24.801621 data/geoTwitter21-01-03.zip - i= 1000 id= 1345520358007296002
2024-05-02 21:05:26.236044 data/geoTwitter21-01-03.zip - i= 2000 id= 1345520465599733761
2024-05-02 21:05:27.655225 data/geoTwitter21-01-03.zip - i= 3000 id= 1345520578309054465
2024-05-02 21:05:29.044069 data/geoTwitter21-01-03.zip - i= 4000 id= 1345520688711434240
2024-05-02 21:05:30.476271 data/geoTwitter21-01-03.zip - i= 5000 id= 1345520799013343233
2024-05-02 21:05:31.992359 data/geoTwitter21-01-03.zip - i= 6000 id= 1345520903002730498
2024-05-02 21:05:33.392168 data/geoTwitter21-01-03.zip - i= 7000 id= 1345521009101836290
2024-05-02 21:05:34.781515 data/geoTwitter21-01-03.zip - i= 8000 id= 1345521104564215812
2024-05-02 21:05:36.209756 data/geoTwitter21-01-03.zip - i= 9000 id= 1345521207790235648
2024-05-02 21:05:23.379910 data/geoTwitter21-01-10.zip
2024-05-02 21:05:23.382938 data/geoTwitter21-01-10.zip - i= 0 id= 1348056961783312384
2024-05-02 21:05:24.819256 data/geoTwitter21-01-10.zip - i= 1000 id= 1348057063004524545
2024-05-02 21:05:26.250669 data/geoTwitter21-01-10.zip - i= 2000 id= 1348057174644293636
2024-05-02 21:05:27.685217 data/geoTwitter21-01-10.zip - i= 3000 id= 1348057285017350145
2024-05-02 21:05:29.044255 data/geoTwitter21-01-10.zip - i= 4000 id= 1348057392710299648
2024-05-02 21:05:30.441460 data/geoTwitter21-01-10.zip - i= 5000 id= 1348057506946441219
2024-05-02 21:05:31.957613 data/geoTwitter21-01-10.zip - i= 6000 id= 1348057618066116614
2024-05-02 21:05:33.354040 data/geoTwitter21-01-10.zip - i= 7000 id= 1348057727348699137
2024-05-02 21:05:34.749102 data/geoTwitter21-01-10.zip - i= 8000 id= 1348057835763068936
2024-05-02 21:05:36.161177 data/geoTwitter21-01-10.zip - i= 9000 id= 1348057943732858880
2024-05-02 21:05:23.365046 data/geoTwitter21-01-09.zip
2024-05-02 21:05:23.368366 data/geoTwitter21-01-09.zip - i= 0 id= 1347694574018453504
2024-05-02 21:05:24.801671 data/geoTwitter21-01-09.zip - i= 1000 id= 1347694663432605696
2024-05-02 21:05:26.181320 data/geoTwitter21-01-09.zip - i= 2000 id= 1347694753442312193
2024-05-02 21:05:27.589142 data/geoTwitter21-01-09.zip - i= 3000 id= 1347694846962769926
2024-05-02 21:05:28.945924 data/geoTwitter21-01-09.zip - i= 4000 id= 1347694940822896640
2024-05-02 21:05:30.363604 data/geoTwitter21-01-09.zip - i= 5000 id= 1347695034255237120
2024-05-02 21:05:31.878472 data/geoTwitter21-01-09.zip - i= 6000 id= 1347695129918722049
2024-05-02 21:05:33.283337 data/geoTwitter21-01-09.zip - i= 7000 id= 1347695222709387268
2024-05-02 21:05:34.681120 data/geoTwitter21-01-09.zip - i= 8000 id= 1347695321917349889
2024-05-02 21:05:36.100712 data/geoTwitter21-01-09.zip - i= 9000 id= 1347695415504891904
2024-05-02 21:05:23.372927 data/geoTwitter21-01-05.zip
2024-05-02 21:05:23.375618 data/geoTwitter21-01-05.zip - i= 0 id= 1346245022325346304
2024-05-02 21:05:24.814696 data/geoTwitter21-01-05.zip - i= 1000 id= 1346245130425159681
2024-05-02 21:05:26.235989 data/geoTwitter21-01-05.zip - i= 2000 id= 1346245244313067521
2024-05-02 21:05:27.654754 data/geoTwitter21-01-05.zip - i= 3000 id= 1346245359744524289
2024-05-02 21:05:29.022858 data/geoTwitter21-01-05.zip - i= 4000 id= 1346245471497375744
2024-05-02 21:05:30.465282 data/geoTwitter21-01-05.zip - i= 5000 id= 1346245580096499715
2024-05-02 21:05:31.980256 data/geoTwitter21-01-05.zip - i= 6000 id= 1346245693745360900
2024-05-02 21:05:33.390125 data/geoTwitter21-01-05.zip - i= 7000 id= 1346245805280260097
2024-05-02 21:05:34.763693 data/geoTwitter21-01-05.zip - i= 8000 id= 1346245913468170241
2024-05-02 21:05:36.182172 data/geoTwitter21-01-05.zip - i= 9000 id= 1346246025791504386
2024-05-02 21:05:23.359816 data/geoTwitter21-01-06.zip
2024-05-02 21:05:23.362525 data/geoTwitter21-01-06.zip - i= 0 id= 1346607410463571971
2024-05-02 21:05:24.802767 data/geoTwitter21-01-06.zip - i= 1000 id= 1346607509872599040
2024-05-02 21:05:26.190565 data/geoTwitter21-01-06.zip - i= 2000 id= 1346607618035384320
2024-05-02 21:05:27.631729 data/geoTwitter21-01-06.zip - i= 3000 id= 1346607723874549763
2024-05-02 21:05:29.028792 data/geoTwitter21-01-06.zip - i= 4000 id= 1346607828253908994
2024-05-02 21:05:30.457837 data/geoTwitter21-01-06.zip - i= 5000 id= 1346607937658081281
2024-05-02 21:05:31.964203 data/geoTwitter21-01-06.zip - i= 6000 id= 1346608044478750720
2024-05-02 21:05:33.379770 data/geoTwitter21-01-06.zip - i= 7000 id= 1346608156202381312
2024-05-02 21:05:34.756133 data/geoTwitter21-01-06.zip - i= 8000 id= 1346608267175342080
2024-05-02 21:05:36.179860 data/geoTwitter21-01-06.zip - i= 9000 id= 1346608375434510337
2024-05-02 21:05:23.351123 data/geoTwitter21-01-02.zip
2024-05-02 21:05:23.354678 data/geoTwitter21-01-02.zip - i= 0 id= 1345157858732732416
2024-05-02 21:05:24.784597 data/geoTwitter21-01-02.zip - i= 1000 id= 1345157965662322699
2024-05-02 21:05:26.213524 data/geoTwitter21-01-02.zip - i= 2000 id= 1345158082922483720
2024-05-02 21:05:27.650411 data/geoTwitter21-01-02.zip - i= 3000 id= 1345158200153280518
2024-05-02 21:05:29.056099 data/geoTwitter21-01-02.zip - i= 4000 id= 1345158320651444225
2024-05-02 21:05:30.525947 data/geoTwitter21-01-02.zip - i= 5000 id= 1345158438754672641
2024-05-02 21:05:32.052493 data/geoTwitter21-01-02.zip - i= 6000 id= 1345158549882556416
2024-05-02 21:05:33.437602 data/geoTwitter21-01-02.zip - i= 7000 id= 1345158670234112007
2024-05-02 21:05:34.785527 data/geoTwitter21-01-02.zip - i= 8000 id= 1345158786491719680
2024-05-02 21:05:36.252220 data/geoTwitter21-01-02.zip - i= 9000 id= 1345158904876032018
2024-05-02 21:05:23.351560 data/geoTwitter21-01-07.zip
2024-05-02 21:05:23.354344 data/geoTwitter21-01-07.zip - i= 0 id= 1346969798157197316
2024-05-02 21:05:24.802573 data/geoTwitter21-01-07.zip - i= 1000 id= 1346969884819787776
2024-05-02 21:05:26.252545 data/geoTwitter21-01-07.zip - i= 2000 id= 1346969972032024576
2024-05-02 21:05:27.651182 data/geoTwitter21-01-07.zip - i= 3000 id= 1346970060900986887
2024-05-02 21:05:29.026425 data/geoTwitter21-01-07.zip - i= 4000 id= 1346970148712849415
2024-05-02 21:05:30.481692 data/geoTwitter21-01-07.zip - i= 5000 id= 1346970235673300992
2024-05-02 21:05:31.995429 data/geoTwitter21-01-07.zip - i= 6000 id= 1346970323246219265
2024-05-02 21:05:33.391405 data/geoTwitter21-01-07.zip - i= 7000 id= 1346970411884453892
2024-05-02 21:05:34.804658 data/geoTwitter21-01-07.zip - i= 8000 id= 1346970500598165508
2024-05-02 21:05:36.253921 data/geoTwitter21-01-07.zip - i= 9000 id= 1346970588720590851
70.24user 9.02system 0:15.05elapsed 526%CPU (0avgtext+0avgdata 37828maxresident)k
16inputs+3192outputs (0major+185456minor)pagefaults 0swaps
